<?xml version="1.0" encoding="UTF-8"?>
<testsuite xmlns:xsi="http://www.w3.org/2001/XMLSchema-instance" xsi:noNamespaceSchemaLocation="https://maven.apache.org/surefire/maven-surefire-plugin/xsd/surefire-test-report-3.0.xsd" version="3.0" name="com.hospital.doctor.integration.DoctorIntegrationTest" time="1.551" tests="5" errors="0" skipped="0" failures="0">
  <properties>
[...]
</properties>
  <testcase name="shouldCreateAndRetrieveDoctor" classname="com.hospital.doctor.integration.DoctorIntegrationTest" time="0.146">
    <system-out><![CDATA[2025-09-19T21:11:13.202+05:30  INFO 10052 --- [           main] t.c.s.AnnotationConfigContextLoaderUtils : Could not detect default configuration classes for test class [com.hospital.doctor.integration.DoctorIntegrationTest]: DoctorIntegrationTest does not declare any static, non-private, non-final, nested classes annotated with @Configuration.
2025-09-19T21:11:13.224+05:30  INFO 10052 --- [           main] .b.t.c.SpringBootTestContextBootstrapper : Found @SpringBootConfiguration com.hospital.doctor.DoctorServiceApplication for test class com.hospital.doctor.integration.DoctorIntegrationTest

  .   ____          _            __ _ _
 /\\ / ___'_ __ _ _(_)_ __  __ _ \ \ \ \
( ( )\___ | '_ | '_| | '_ \/ _` | \ \ \ \
 \\/  ___)| |_)| | | | | || (_| |  ) ) ) )
  '  |____| .__|_| |_|_| |_\__, | / / / /
 =========|_|==============|___/=/_/_/_/

 :: Spring Boot ::                (v3.3.2)

2025-09-19T21:11:13.276+05:30  INFO 10052 --- [           main] c.h.d.integration.DoctorIntegrationTest  : Starting DoctorIntegrationTest using Java 23.0.1 with PID 10052 (started by deepa in C:\Users\deepa\Downloads\OneDrive\Desktop\apc hms\apc project\doctor-service)
2025-09-19T21:11:13.278+05:30  INFO 10052 --- [           main] c.h.d.integration.DoctorIntegrationTest  : The following 1 profile is active: "test"
2025-09-19T21:11:13.478+05:30  INFO 10052 --- [           main] .s.d.r.c.RepositoryConfigurationDelegate : Bootstrapping Spring Data JPA repositories in DEFAULT mode.
2025-09-19T21:11:13.493+05:30  INFO 10052 --- [           main] .s.d.r.c.RepositoryConfigurationDelegate : Finished Spring Data repository scanning in 14 ms. Found 1 JPA repository interface.
2025-09-19T21:11:13.598+05:30  INFO 10052 --- [           main] o.hibernate.jpa.internal.util.LogHelper  : HHH000204: Processing PersistenceUnitInfo [name: default]
2025-09-19T21:11:13.603+05:30  INFO 10052 --- [           main] o.h.c.internal.RegionFactoryInitiator    : HHH000026: Second-level cache disabled
2025-09-19T21:11:13.616+05:30  INFO 10052 --- [           main] o.s.o.j.p.SpringPersistenceUnitInfo      : No LoadTimeWeaver setup: ignoring JPA class transformer
2025-09-19T21:11:13.619+05:30  INFO 10052 --- [           main] com.zaxxer.hikari.HikariDataSource       : HikariPool-2 - Starting...
2025-09-19T21:11:13.989+05:30  INFO 10052 --- [           main] com.zaxxer.hikari.pool.HikariPool        : HikariPool-2 - Added connection conn0: url=jdbc:h2:mem:testdb user=SA
2025-09-19T21:11:13.992+05:30  INFO 10052 --- [           main] com.zaxxer.hikari.HikariDataSource       : HikariPool-2 - Start completed.
2025-09-19T21:11:14.000+05:30  WARN 10052 --- [           main] org.hibernate.orm.deprecation            : HHH90000025: H2Dialect does not need to be specified explicitly using 'hibernate.dialect' (remove the property setting and it will be selected by default)
2025-09-19T21:11:14.091+05:30  INFO 10052 --- [           main] o.h.e.t.j.p.i.JtaPlatformInitiator       : HHH000489: No JTA platform available (set 'hibernate.transaction.jta.platform' to enable JTA platform integration)
2025-09-19T21:11:14.117+05:30  INFO 10052 --- [           main] j.LocalContainerEntityManagerFactoryBean : Initialized JPA EntityManagerFactory for persistence unit 'default'
2025-09-19T21:11:14.234+05:30  WARN 10052 --- [           main] JpaBaseConfiguration$JpaWebConfiguration : spring.jpa.open-in-view is enabled by default. Therefore, database queries may be performed during view rendering. Explicitly configure spring.jpa.open-in-view to disable this warning
2025-09-19T21:11:14.372+05:30  INFO 10052 --- [           main] c.h.d.integration.DoctorIntegrationTest  : Started DoctorIntegrationTest in 1.141 seconds (process running for 14.453)
Clearing old doctors and adding fresh ones...
Added 10 fresh doctors to the database
2025-09-19T21:11:14.480+05:30  INFO 10052 --- [           main] o.s.b.t.m.w.SpringBootMockServletContext : Initializing Spring TestDispatcherServlet ''
2025-09-19T21:11:14.480+05:30  INFO 10052 --- [           main] o.s.t.web.servlet.TestDispatcherServlet  : Initializing Servlet ''
2025-09-19T21:11:14.485+05:30  INFO 10052 --- [           main] o.s.t.web.servlet.TestDispatcherServlet  : Completed initialization in 5 ms
]]></system-out>
  </testcase>
  <testcase name="shouldReturn404ForNonExistentDoctor" classname="com.hospital.doctor.integration.DoctorIntegrationTest" time="0.041">
    <system-out><![CDATA[2025-09-19T21:11:14.613+05:30  INFO 10052 --- [           main] o.s.b.t.m.w.SpringBootMockServletContext : Initializing Spring TestDispatcherServlet ''
2025-09-19T21:11:14.613+05:30  INFO 10052 --- [           main] o.s.t.web.servlet.TestDispatcherServlet  : Initializing Servlet ''
2025-09-19T21:11:14.615+05:30  INFO 10052 --- [           main] o.s.t.web.servlet.TestDispatcherServlet  : Completed initialization in 2 ms
]]></system-out>
  </testcase>
  <testcase name="shouldReturnAllDoctors" classname="com.hospital.doctor.integration.DoctorIntegrationTest" time="0.031">
    <system-out><![CDATA[2025-09-19T21:11:14.656+05:30  INFO 10052 --- [           main] o.s.b.t.m.w.SpringBootMockServletContext : Initializing Spring TestDispatcherServlet ''
2025-09-19T21:11:14.657+05:30  INFO 10052 --- [           main] o.s.t.web.servlet.TestDispatcherServlet  : Initializing Servlet ''
2025-09-19T21:11:14.658+05:30  INFO 10052 --- [           main] o.s.t.web.servlet.TestDispatcherServlet  : Completed initialization in 1 ms
]]></system-out>
  </testcase>
  <testcase name="shouldUpdateDoctor" classname="com.hospital.doctor.integration.DoctorIntegrationTest" time="0.037">
    <system-out><![CDATA[2025-09-19T21:11:14.688+05:30  INFO 10052 --- [           main] o.s.b.t.m.w.SpringBootMockServletContext : Initializing Spring TestDispatcherServlet ''
2025-09-19T21:11:14.689+05:30  INFO 10052 --- [           main] o.s.t.web.servlet.TestDispatcherServlet  : Initializing Servlet ''
2025-09-19T21:11:14.689+05:30  INFO 10052 --- [           main] o.s.t.web.servlet.TestDispatcherServlet  : Completed initialization in 0 ms
]]></system-out>
  </testcase>
  <testcase name="shouldDeleteDoctor" classname="com.hospital.doctor.integration.DoctorIntegrationTest" time="0.024">
    <system-out><![CDATA[2025-09-19T21:11:14.727+05:30  INFO 10052 --- [           main] o.s.b.t.m.w.SpringBootMockServletContext : Initializing Spring TestDispatcherServlet ''
2025-09-19T21:11:14.727+05:30  INFO 10052 --- [           main] o.s.t.web.servlet.TestDispatcherServlet  : Initializing Servlet ''
2025-09-19T21:11:14.728+05:30  INFO 10052 --- [           main] o.s.t.web.servlet.TestDispatcherServlet  : Completed initialization in 1 ms
]]></system-out>
  </testcase>
</testsuite>